<?xml version="1.0" encoding="UTF-8"?>
<!-- Generated by org.testng.reporters.JUnitReportReporter -->
<testsuite hostname="Kalaashri" failures="0" tests="2" name="com.LinkedIn.qa.Test.LoginPageTest" time="13.298" errors="0" timestamp="2024-07-31T14:53:38 CEST" skipped="0">
  <testcase classname="com.LinkedIn.qa.Test.LoginPageTest" name="Logo" time="4.151"/>
  <testcase classname="com.LinkedIn.qa.Test.LoginPageTest" name="Loginverification" time="9.147"/>
</testsuite> <!-- com.LinkedIn.qa.Test.LoginPageTest -->
