<?xml version="1.0" encoding="UTF-8"?>
<!-- Generated by org.testng.reporters.JUnitReportReporter -->
<testsuite hostname="Kalaashri" failures="0" tests="1" name="com.LinkedIn.qa.Test.SignInTest" time="4.400" errors="0" timestamp="2024-07-31T14:53:38 CEST" skipped="0">
  <testcase classname="com.LinkedIn.qa.Test.SignInTest" name="ClickonSignIn" time="4.400"/>
</testsuite> <!-- com.LinkedIn.qa.Test.SignInTest -->
